<html>
<head>
<title>TestNG:  OtherActivities</title>
<link href="../testng.css" rel="stylesheet" type="text/css" />
<link href="../my-testng.css" rel="stylesheet" type="text/css" />

<style type="text/css">
.log { display: none;} 
.stack-trace { display: none;} 
</style>
<script type="text/javascript">
<!--
function flip(e) {
  current = e.style.display;
  if (current == 'block') {
    e.style.display = 'none';
    return 0;
  }
  else {
    e.style.display = 'block';
    return 1;
  }
}

function toggleBox(szDivId, elem, msg1, msg2)
{
  var res = -1;  if (document.getElementById) {
    res = flip(document.getElementById(szDivId));
  }
  else if (document.all) {
    // this is the way old msie versions work
    res = flip(document.all[szDivId]);
  }
  if(elem) {
    if(res == 0) elem.innerHTML = msg1; else elem.innerHTML = msg2;
  }

}

function toggleAllBoxes() {
  if (document.getElementsByTagName) {
    d = document.getElementsByTagName('div');
    for (i = 0; i < d.length; i++) {
      if (d[i].className == 'log') {
        flip(d[i]);
      }
    }
  }
}

// -->
</script>

</head>
<body>
<h2 align='center'>OtherActivities</h2><table border='1' align="center">
<tr>
<td>Tests passed/Failed/Skipped:</td><td>25/3/0</td>
</tr><tr>
<td>Started on:</td><td>Thu Apr 28 11:27:48 IST 2022</td>
</tr>
<tr><td>Total time:</td><td>3815 seconds (3815715 ms)</td>
</tr><tr>
<td>Included groups:</td><td></td>
</tr><tr>
<td>Excluded groups:</td><td></td>
</tr>
</table><p/>
<small><i>(Hover the method name to see the test class name)</i></small><p/>
<table width='100%' border='1' class='invocation-failed'>
<tr><td colspan='4' align='center'><b>FAILED TESTS</b></td></tr>
<tr><td><b>Test method</b></td>
<td width="30%"><b>Exception</b></td>
<td width="10%"><b>Time (seconds)</b></td>
<td><b>Instance</b></td>
</tr>
<tr>
<td title='com.nitara.BCSManagement.EditBcs.EditBcs()'><b>EditBcs</b><br>Test class: com.nitara.BCSManagement.EditBcs</td>
<td><div><pre>org.openqa.selenium.TimeoutException: Expected condition failed: waiting for visibility of Located by By.chained({By.id: com.nitara.farmer:id/plusBtn}) (tried for 15 second(s) with 500 milliseconds interval)
	at org.openqa.selenium.support.ui.WebDriverWait.timeoutException(WebDriverWait.java:95)
	at org.openqa.selenium.support.ui.FluentWait.until(FluentWait.java:272)
	at com.nitara.PageObjects.BasePage.waitVisibility(BasePage.java:238)
	at com.nitara.PageObjects.BCS_AddBCSPage.ClickBcs_slider(BCS_AddBCSPage.java:70)
	at com.nitara.PageObjects.BCS_AddBCSPage.addbcs(BCS_AddBCSPage.java:93)
	at com.nitara.BCSManagement.EditBcs.EditBcs(EditBcs.java:60)
	at java.util.ArrayList.forEach(ArrayList.java:1259)
Caused by: org.openqa.selenium.NoSuchElementException: Can&apos;t locate an element by this strategy: By.chained({By.id: com.nitara.farmer:id/plusBtn})
	at io.appium.java_client.pagefactory.AppiumElementLocator.findElement(AppiumElementLocator.java:126)
	at io.appium.java_client.pagefactory.interceptors.InterceptorOfASingleElement.intercept(InterceptorOfASingleElement.java:59)
	at io.appium.java_client.android.AndroidElement$$EnhancerByCGLIB$$b598166c.isDisplayed(&lt;generated&gt;)
	at org.openqa.selenium.support.ui.ExpectedConditions.elementIfVisible(ExpectedConditions.java:314)
	at org.openqa.selenium.support.ui.ExpectedConditions.access$000(ExpectedConditions.java:43)
	at org.openqa.selenium.support.ui.ExpectedConditions$10.apply(ExpectedConditions.java:300)
	at org.openqa.selenium.support.ui.ExpectedConditions$10.apply(ExpectedConditions.java:297)
	at org.openqa.selenium.support.ui.FluentWait.until(FluentWait.java:249)
	... 32 more
Caused by: org.openqa.selenium.TimeoutException: Expected condition failed: waiting for io.appium.java_client.pagefactory.AppiumElementLocator$WaitingFunction@241679 (tried for 1 second(s) with 500 milliseconds interval)
	at org.openqa.selenium.support.ui.FluentWait.timeoutException(FluentWait.java:304)
	at org.openqa.selenium.support.ui.FluentWait.until(FluentWait.java:272)
	at io.appium.java_client.pagefactory.AppiumElementLocator.waitFor(AppiumElementLocator.java:99)
	at io.appium.java_client.pagefactory.AppiumElementLocator.findElement(AppiumElementLocator.java:119)
	... 39 more
Caused by: org.openqa.selenium.NoSuchElementException: Cannot locate an element using By.chained({By.id: com.nitara.farmer:id/plusBtn})
For documentation on this error, please visit: https://www.seleniumhq.org/exceptions/no_such_element.html
Build info: version: &apos;3.141.59&apos;, revision: &apos;e82be7d358&apos;, time: &apos;2018-11-14T08:17:03&apos;
System info: host: &apos;DESKTOP-OB1OE1J&apos;, ip: &apos;192.168.0.121&apos;, os.name: &apos;Windows 10&apos;, os.arch: &apos;x86&apos;, os.version: &apos;10.0&apos;, java.version: &apos;1.8.0_291&apos;
Driver info: driver.version: AndroidDriver
	at io.appium.java_client.pagefactory.bys.builder.ByChained.findElement(ByChained.java:74)
	at org.openqa.selenium.remote.RemoteWebDriver.findElement(RemoteWebDriver.java:315)
	at io.appium.java_client.DefaultGenericMobileDriver.findElement(DefaultGenericMobileDriver.java:57)
	at io.appium.java_client.AppiumDriver.findElement(AppiumDriver.java:1)
	at io.appium.java_client.android.AndroidDriver.findElement(AndroidDriver.java:1)
	at io.appium.java_client.pagefactory.bys.ContentMappedBy.findElement(ContentMappedBy.java:50)
	at org.openqa.selenium.remote.RemoteWebDriver.findElement(RemoteWebDriver.java:315)
	at io.appium.java_client.DefaultGenericMobileDriver.findElement(DefaultGenericMobileDriver.java:57)
	at io.appium.java_client.AppiumDriver.findElement(AppiumDriver.java:1)
	at io.appium.java_client.android.AndroidDriver.findElement(AndroidDriver.java:1)
	at io.appium.java_client.pagefactory.AppiumElementLocator.lambda$0(AppiumElementLocator.java:120)
	at io.appium.java_client.pagefactory.AppiumElementLocator$WaitingFunction.apply(AppiumElementLocator.java:172)
	at io.appium.java_client.pagefactory.AppiumElementLocator$WaitingFunction.apply(AppiumElementLocator.java:1)
	at org.openqa.selenium.support.ui.FluentWait.until(FluentWait.java:249)
	... 41 more
... Removed 27 stack frames</pre></div><a href='#' onClick='toggleBox("stack-trace13232266", this, "Click to show all stack frames", "Click to hide stack frames")'>Click to show all stack frames</a>
<div class='stack-trace' id='stack-trace13232266'><pre>org.openqa.selenium.TimeoutException: Expected condition failed: waiting for visibility of Located by By.chained({By.id: com.nitara.farmer:id/plusBtn}) (tried for 15 second(s) with 500 milliseconds interval)
	at org.openqa.selenium.support.ui.WebDriverWait.timeoutException(WebDriverWait.java:95)
	at org.openqa.selenium.support.ui.FluentWait.until(FluentWait.java:272)
	at com.nitara.PageObjects.BasePage.waitVisibility(BasePage.java:238)
	at com.nitara.PageObjects.BCS_AddBCSPage.ClickBcs_slider(BCS_AddBCSPage.java:70)
	at com.nitara.PageObjects.BCS_AddBCSPage.addbcs(BCS_AddBCSPage.java:93)
	at com.nitara.BCSManagement.EditBcs.EditBcs(EditBcs.java:60)
	at sun.reflect.NativeMethodAccessorImpl.invoke0(Native Method)
	at sun.reflect.NativeMethodAccessorImpl.invoke(NativeMethodAccessorImpl.java:62)
	at sun.reflect.DelegatingMethodAccessorImpl.invoke(DelegatingMethodAccessorImpl.java:43)
	at java.lang.reflect.Method.invoke(Method.java:498)
	at org.testng.internal.MethodInvocationHelper.invokeMethod(MethodInvocationHelper.java:133)
	at org.testng.internal.TestInvoker.invokeMethod(TestInvoker.java:598)
	at org.testng.internal.TestInvoker.invokeTestMethod(TestInvoker.java:173)
	at org.testng.internal.MethodRunner.runInSequence(MethodRunner.java:46)
	at org.testng.internal.TestInvoker$MethodInvocationAgent.invoke(TestInvoker.java:824)
	at org.testng.internal.TestInvoker.invokeTestMethods(TestInvoker.java:146)
	at org.testng.internal.TestMethodWorker.invokeTestMethods(TestMethodWorker.java:146)
	at org.testng.internal.TestMethodWorker.run(TestMethodWorker.java:128)
	at java.util.ArrayList.forEach(ArrayList.java:1259)
	at org.testng.TestRunner.privateRun(TestRunner.java:794)
	at org.testng.TestRunner.run(TestRunner.java:596)
	at org.testng.SuiteRunner.runTest(SuiteRunner.java:377)
	at org.testng.SuiteRunner.runSequentially(SuiteRunner.java:371)
	at org.testng.SuiteRunner.privateRun(SuiteRunner.java:332)
	at org.testng.SuiteRunner.run(SuiteRunner.java:276)
	at org.testng.SuiteRunnerWorker.runSuite(SuiteRunnerWorker.java:53)
	at org.testng.SuiteRunnerWorker.run(SuiteRunnerWorker.java:96)
	at org.testng.TestNG.runSuitesSequentially(TestNG.java:1212)
	at org.testng.TestNG.runSuitesLocally(TestNG.java:1134)
	at org.testng.TestNG.runSuites(TestNG.java:1063)
	at org.testng.TestNG.run(TestNG.java:1031)
	at org.testng.remote.AbstractRemoteTestNG.run(AbstractRemoteTestNG.java:115)
	at org.testng.remote.RemoteTestNG.initAndRun(RemoteTestNG.java:251)
	at org.testng.remote.RemoteTestNG.main(RemoteTestNG.java:77)
Caused by: org.openqa.selenium.NoSuchElementException: Can&apos;t locate an element by this strategy: By.chained({By.id: com.nitara.farmer:id/plusBtn})
	at io.appium.java_client.pagefactory.AppiumElementLocator.findElement(AppiumElementLocator.java:126)
	at io.appium.java_client.pagefactory.interceptors.InterceptorOfASingleElement.intercept(InterceptorOfASingleElement.java:59)
	at io.appium.java_client.android.AndroidElement$$EnhancerByCGLIB$$b598166c.isDisplayed(&lt;generated&gt;)
	at org.openqa.selenium.support.ui.ExpectedConditions.elementIfVisible(ExpectedConditions.java:314)
	at org.openqa.selenium.support.ui.ExpectedConditions.access$000(ExpectedConditions.java:43)
	at org.openqa.selenium.support.ui.ExpectedConditions$10.apply(ExpectedConditions.java:300)
	at org.openqa.selenium.support.ui.ExpectedConditions$10.apply(ExpectedConditions.java:297)
	at org.openqa.selenium.support.ui.FluentWait.until(FluentWait.java:249)
	... 32 more
Caused by: org.openqa.selenium.TimeoutException: Expected condition failed: waiting for io.appium.java_client.pagefactory.AppiumElementLocator$WaitingFunction@241679 (tried for 1 second(s) with 500 milliseconds interval)
	at org.openqa.selenium.support.ui.FluentWait.timeoutException(FluentWait.java:304)
	at org.openqa.selenium.support.ui.FluentWait.until(FluentWait.java:272)
	at io.appium.java_client.pagefactory.AppiumElementLocator.waitFor(AppiumElementLocator.java:99)
	at io.appium.java_client.pagefactory.AppiumElementLocator.findElement(AppiumElementLocator.java:119)
	... 39 more
Caused by: org.openqa.selenium.NoSuchElementException: Cannot locate an element using By.chained({By.id: com.nitara.farmer:id/plusBtn})
For documentation on this error, please visit: https://www.seleniumhq.org/exceptions/no_such_element.html
Build info: version: &apos;3.141.59&apos;, revision: &apos;e82be7d358&apos;, time: &apos;2018-11-14T08:17:03&apos;
System info: host: &apos;DESKTOP-OB1OE1J&apos;, ip: &apos;192.168.0.121&apos;, os.name: &apos;Windows 10&apos;, os.arch: &apos;x86&apos;, os.version: &apos;10.0&apos;, java.version: &apos;1.8.0_291&apos;
Driver info: driver.version: AndroidDriver
	at io.appium.java_client.pagefactory.bys.builder.ByChained.findElement(ByChained.java:74)
	at org.openqa.selenium.remote.RemoteWebDriver.findElement(RemoteWebDriver.java:315)
	at io.appium.java_client.DefaultGenericMobileDriver.findElement(DefaultGenericMobileDriver.java:57)
	at io.appium.java_client.AppiumDriver.findElement(AppiumDriver.java:1)
	at io.appium.java_client.android.AndroidDriver.findElement(AndroidDriver.java:1)
	at io.appium.java_client.pagefactory.bys.ContentMappedBy.findElement(ContentMappedBy.java:50)
	at org.openqa.selenium.remote.RemoteWebDriver.findElement(RemoteWebDriver.java:315)
	at io.appium.java_client.DefaultGenericMobileDriver.findElement(DefaultGenericMobileDriver.java:57)
	at io.appium.java_client.AppiumDriver.findElement(AppiumDriver.java:1)
	at io.appium.java_client.android.AndroidDriver.findElement(AndroidDriver.java:1)
	at io.appium.java_client.pagefactory.AppiumElementLocator.lambda$0(AppiumElementLocator.java:120)
	at io.appium.java_client.pagefactory.AppiumElementLocator$WaitingFunction.apply(AppiumElementLocator.java:172)
	at io.appium.java_client.pagefactory.AppiumElementLocator$WaitingFunction.apply(AppiumElementLocator.java:1)
	at org.openqa.selenium.support.ui.FluentWait.until(FluentWait.java:249)
	... 41 more
</pre></div></td>
<td>201</td>
<td>com.nitara.BCSManagement.EditBcs@19ad2e3</td></tr>
<tr>
<td title='com.nitara.MilkingMangement.RecordCattleMilkingData.Milking_RecordCattleMilking()'><b>Milking_RecordCattleMilking</b><br>Test class: com.nitara.MilkingMangement.RecordCattleMilkingData</td>
<td><div><pre>java.lang.AssertionError: expected [MORNING - 14.00 KG] but found [MORNING - 14.00]
	at com.nitara.PageObjects.Milking_RecordCattleMilkingSuccessPage.assertCattleYield(Milking_RecordCattleMilkingSuccessPage.java:28)
	at com.nitara.MilkingMangement.RecordCattleMilkingData.Milking_RecordCattleMilking(RecordCattleMilkingData.java:32)
	at java.util.ArrayList.forEach(ArrayList.java:1259)
... Removed 33 stack frames</pre></div><a href='#' onClick='toggleBox("stack-trace11768934", this, "Click to show all stack frames", "Click to hide stack frames")'>Click to show all stack frames</a>
<div class='stack-trace' id='stack-trace11768934'><pre>java.lang.AssertionError: expected [MORNING - 14.00 KG] but found [MORNING - 14.00]
	at org.testng.Assert.fail(Assert.java:99)
	at org.testng.Assert.failNotEquals(Assert.java:1037)
	at org.testng.Assert.assertEqualsImpl(Assert.java:140)
	at org.testng.Assert.assertEquals(Assert.java:122)
	at org.testng.Assert.assertEquals(Assert.java:629)
	at org.testng.Assert.assertEquals(Assert.java:639)
	at com.nitara.PageObjects.Milking_RecordCattleMilkingSuccessPage.assertCattleYield(Milking_RecordCattleMilkingSuccessPage.java:28)
	at com.nitara.MilkingMangement.RecordCattleMilkingData.Milking_RecordCattleMilking(RecordCattleMilkingData.java:32)
	at sun.reflect.NativeMethodAccessorImpl.invoke0(Native Method)
	at sun.reflect.NativeMethodAccessorImpl.invoke(NativeMethodAccessorImpl.java:62)
	at sun.reflect.DelegatingMethodAccessorImpl.invoke(DelegatingMethodAccessorImpl.java:43)
	at java.lang.reflect.Method.invoke(Method.java:498)
	at org.testng.internal.MethodInvocationHelper.invokeMethod(MethodInvocationHelper.java:133)
	at org.testng.internal.TestInvoker.invokeMethod(TestInvoker.java:598)
	at org.testng.internal.TestInvoker.invokeTestMethod(TestInvoker.java:173)
	at org.testng.internal.MethodRunner.runInSequence(MethodRunner.java:46)
	at org.testng.internal.TestInvoker$MethodInvocationAgent.invoke(TestInvoker.java:824)
	at org.testng.internal.TestInvoker.invokeTestMethods(TestInvoker.java:146)
	at org.testng.internal.TestMethodWorker.invokeTestMethods(TestMethodWorker.java:146)
	at org.testng.internal.TestMethodWorker.run(TestMethodWorker.java:128)
	at java.util.ArrayList.forEach(ArrayList.java:1259)
	at org.testng.TestRunner.privateRun(TestRunner.java:794)
	at org.testng.TestRunner.run(TestRunner.java:596)
	at org.testng.SuiteRunner.runTest(SuiteRunner.java:377)
	at org.testng.SuiteRunner.runSequentially(SuiteRunner.java:371)
	at org.testng.SuiteRunner.privateRun(SuiteRunner.java:332)
	at org.testng.SuiteRunner.run(SuiteRunner.java:276)
	at org.testng.SuiteRunnerWorker.runSuite(SuiteRunnerWorker.java:53)
	at org.testng.SuiteRunnerWorker.run(SuiteRunnerWorker.java:96)
	at org.testng.TestNG.runSuitesSequentially(TestNG.java:1212)
	at org.testng.TestNG.runSuitesLocally(TestNG.java:1134)
	at org.testng.TestNG.runSuites(TestNG.java:1063)
	at org.testng.TestNG.run(TestNG.java:1031)
	at org.testng.remote.AbstractRemoteTestNG.run(AbstractRemoteTestNG.java:115)
	at org.testng.remote.RemoteTestNG.initAndRun(RemoteTestNG.java:251)
	at org.testng.remote.RemoteTestNG.main(RemoteTestNG.java:77)
</pre></div></td>
<td>85</td>
<td>com.nitara.MilkingMangement.RecordCattleMilkingData@61c7e3</td></tr>
<tr>
<td title='com.nitara.MilkingMangement.RecordFarmMilkingData.Milking_RecordCattleMilking()'><b>Milking_RecordCattleMilking</b><br>Test class: com.nitara.MilkingMangement.RecordFarmMilkingData</td>
<td><div><pre>org.openqa.selenium.NoSuchElementException: Can&apos;t locate an element by this strategy: By.chained({By.id: com.nitara.farmer:id/session_msg})
	at io.appium.java_client.pagefactory.AppiumElementLocator.findElement(AppiumElementLocator.java:126)
	at io.appium.java_client.pagefactory.interceptors.InterceptorOfASingleElement.intercept(InterceptorOfASingleElement.java:59)
	at io.appium.java_client.android.AndroidElement$$EnhancerByCGLIB$$b598166c.getText(&lt;generated&gt;)
	at com.nitara.PageObjects.Milking_RecordFarmMilkingSuccessPage.assertSession(Milking_RecordFarmMilkingSuccessPage.java:20)
	at com.nitara.MilkingMangement.RecordFarmMilkingData.Milking_RecordCattleMilking(RecordFarmMilkingData.java:27)
	at java.util.ArrayList.forEach(ArrayList.java:1259)
Caused by: org.openqa.selenium.TimeoutException: Expected condition failed: waiting for io.appium.java_client.pagefactory.AppiumElementLocator$WaitingFunction@16ebd7b (tried for 1 second(s) with 500 milliseconds interval)
	at org.openqa.selenium.support.ui.FluentWait.timeoutException(FluentWait.java:304)
	at org.openqa.selenium.support.ui.FluentWait.until(FluentWait.java:272)
	at io.appium.java_client.pagefactory.AppiumElementLocator.waitFor(AppiumElementLocator.java:99)
	at io.appium.java_client.pagefactory.AppiumElementLocator.findElement(AppiumElementLocator.java:119)
	... 32 more
Caused by: org.openqa.selenium.NoSuchElementException: Cannot locate an element using By.chained({By.id: com.nitara.farmer:id/session_msg})
For documentation on this error, please visit: https://www.seleniumhq.org/exceptions/no_such_element.html
Build info: version: &apos;3.141.59&apos;, revision: &apos;e82be7d358&apos;, time: &apos;2018-11-14T08:17:03&apos;
System info: host: &apos;DESKTOP-OB1OE1J&apos;, ip: &apos;192.168.0.121&apos;, os.name: &apos;Windows 10&apos;, os.arch: &apos;x86&apos;, os.version: &apos;10.0&apos;, java.version: &apos;1.8.0_291&apos;
Driver info: driver.version: AndroidDriver
	at io.appium.java_client.pagefactory.bys.builder.ByChained.findElement(ByChained.java:74)
	at org.openqa.selenium.remote.RemoteWebDriver.findElement(RemoteWebDriver.java:315)
	at io.appium.java_client.DefaultGenericMobileDriver.findElement(DefaultGenericMobileDriver.java:57)
	at io.appium.java_client.AppiumDriver.findElement(AppiumDriver.java:1)
	at io.appium.java_client.android.AndroidDriver.findElement(AndroidDriver.java:1)
	at io.appium.java_client.pagefactory.bys.ContentMappedBy.findElement(ContentMappedBy.java:50)
	at org.openqa.selenium.remote.RemoteWebDriver.findElement(RemoteWebDriver.java:315)
	at io.appium.java_client.DefaultGenericMobileDriver.findElement(DefaultGenericMobileDriver.java:57)
	at io.appium.java_client.AppiumDriver.findElement(AppiumDriver.java:1)
	at io.appium.java_client.android.AndroidDriver.findElement(AndroidDriver.java:1)
	at io.appium.java_client.pagefactory.AppiumElementLocator.lambda$0(AppiumElementLocator.java:120)
	at io.appium.java_client.pagefactory.AppiumElementLocator$WaitingFunction.apply(AppiumElementLocator.java:172)
	at io.appium.java_client.pagefactory.AppiumElementLocator$WaitingFunction.apply(AppiumElementLocator.java:1)
	at org.openqa.selenium.support.ui.FluentWait.until(FluentWait.java:249)
	... 34 more
... Removed 27 stack frames</pre></div><a href='#' onClick='toggleBox("stack-trace13253233", this, "Click to show all stack frames", "Click to hide stack frames")'>Click to show all stack frames</a>
<div class='stack-trace' id='stack-trace13253233'><pre>org.openqa.selenium.NoSuchElementException: Can&apos;t locate an element by this strategy: By.chained({By.id: com.nitara.farmer:id/session_msg})
	at io.appium.java_client.pagefactory.AppiumElementLocator.findElement(AppiumElementLocator.java:126)
	at io.appium.java_client.pagefactory.interceptors.InterceptorOfASingleElement.intercept(InterceptorOfASingleElement.java:59)
	at io.appium.java_client.android.AndroidElement$$EnhancerByCGLIB$$b598166c.getText(&lt;generated&gt;)
	at com.nitara.PageObjects.Milking_RecordFarmMilkingSuccessPage.assertSession(Milking_RecordFarmMilkingSuccessPage.java:20)
	at com.nitara.MilkingMangement.RecordFarmMilkingData.Milking_RecordCattleMilking(RecordFarmMilkingData.java:27)
	at sun.reflect.NativeMethodAccessorImpl.invoke0(Native Method)
	at sun.reflect.NativeMethodAccessorImpl.invoke(NativeMethodAccessorImpl.java:62)
	at sun.reflect.DelegatingMethodAccessorImpl.invoke(DelegatingMethodAccessorImpl.java:43)
	at java.lang.reflect.Method.invoke(Method.java:498)
	at org.testng.internal.MethodInvocationHelper.invokeMethod(MethodInvocationHelper.java:133)
	at org.testng.internal.TestInvoker.invokeMethod(TestInvoker.java:598)
	at org.testng.internal.TestInvoker.invokeTestMethod(TestInvoker.java:173)
	at org.testng.internal.MethodRunner.runInSequence(MethodRunner.java:46)
	at org.testng.internal.TestInvoker$MethodInvocationAgent.invoke(TestInvoker.java:824)
	at org.testng.internal.TestInvoker.invokeTestMethods(TestInvoker.java:146)
	at org.testng.internal.TestMethodWorker.invokeTestMethods(TestMethodWorker.java:146)
	at org.testng.internal.TestMethodWorker.run(TestMethodWorker.java:128)
	at java.util.ArrayList.forEach(ArrayList.java:1259)
	at org.testng.TestRunner.privateRun(TestRunner.java:794)
	at org.testng.TestRunner.run(TestRunner.java:596)
	at org.testng.SuiteRunner.runTest(SuiteRunner.java:377)
	at org.testng.SuiteRunner.runSequentially(SuiteRunner.java:371)
	at org.testng.SuiteRunner.privateRun(SuiteRunner.java:332)
	at org.testng.SuiteRunner.run(SuiteRunner.java:276)
	at org.testng.SuiteRunnerWorker.runSuite(SuiteRunnerWorker.java:53)
	at org.testng.SuiteRunnerWorker.run(SuiteRunnerWorker.java:96)
	at org.testng.TestNG.runSuitesSequentially(TestNG.java:1212)
	at org.testng.TestNG.runSuitesLocally(TestNG.java:1134)
	at org.testng.TestNG.runSuites(TestNG.java:1063)
	at org.testng.TestNG.run(TestNG.java:1031)
	at org.testng.remote.AbstractRemoteTestNG.run(AbstractRemoteTestNG.java:115)
	at org.testng.remote.RemoteTestNG.initAndRun(RemoteTestNG.java:251)
	at org.testng.remote.RemoteTestNG.main(RemoteTestNG.java:77)
Caused by: org.openqa.selenium.TimeoutException: Expected condition failed: waiting for io.appium.java_client.pagefactory.AppiumElementLocator$WaitingFunction@16ebd7b (tried for 1 second(s) with 500 milliseconds interval)
	at org.openqa.selenium.support.ui.FluentWait.timeoutException(FluentWait.java:304)
	at org.openqa.selenium.support.ui.FluentWait.until(FluentWait.java:272)
	at io.appium.java_client.pagefactory.AppiumElementLocator.waitFor(AppiumElementLocator.java:99)
	at io.appium.java_client.pagefactory.AppiumElementLocator.findElement(AppiumElementLocator.java:119)
	... 32 more
Caused by: org.openqa.selenium.NoSuchElementException: Cannot locate an element using By.chained({By.id: com.nitara.farmer:id/session_msg})
For documentation on this error, please visit: https://www.seleniumhq.org/exceptions/no_such_element.html
Build info: version: &apos;3.141.59&apos;, revision: &apos;e82be7d358&apos;, time: &apos;2018-11-14T08:17:03&apos;
System info: host: &apos;DESKTOP-OB1OE1J&apos;, ip: &apos;192.168.0.121&apos;, os.name: &apos;Windows 10&apos;, os.arch: &apos;x86&apos;, os.version: &apos;10.0&apos;, java.version: &apos;1.8.0_291&apos;
Driver info: driver.version: AndroidDriver
	at io.appium.java_client.pagefactory.bys.builder.ByChained.findElement(ByChained.java:74)
	at org.openqa.selenium.remote.RemoteWebDriver.findElement(RemoteWebDriver.java:315)
	at io.appium.java_client.DefaultGenericMobileDriver.findElement(DefaultGenericMobileDriver.java:57)
	at io.appium.java_client.AppiumDriver.findElement(AppiumDriver.java:1)
	at io.appium.java_client.android.AndroidDriver.findElement(AndroidDriver.java:1)
	at io.appium.java_client.pagefactory.bys.ContentMappedBy.findElement(ContentMappedBy.java:50)
	at org.openqa.selenium.remote.RemoteWebDriver.findElement(RemoteWebDriver.java:315)
	at io.appium.java_client.DefaultGenericMobileDriver.findElement(DefaultGenericMobileDriver.java:57)
	at io.appium.java_client.AppiumDriver.findElement(AppiumDriver.java:1)
	at io.appium.java_client.android.AndroidDriver.findElement(AndroidDriver.java:1)
	at io.appium.java_client.pagefactory.AppiumElementLocator.lambda$0(AppiumElementLocator.java:120)
	at io.appium.java_client.pagefactory.AppiumElementLocator$WaitingFunction.apply(AppiumElementLocator.java:172)
	at io.appium.java_client.pagefactory.AppiumElementLocator$WaitingFunction.apply(AppiumElementLocator.java:1)
	at org.openqa.selenium.support.ui.FluentWait.until(FluentWait.java:249)
	... 34 more
</pre></div></td>
<td>71</td>
<td>com.nitara.MilkingMangement.RecordFarmMilkingData@11d0846</td></tr>
</table><p>
<table width='100%' border='1' class='invocation-passed'>
<tr><td colspan='4' align='center'><b>PASSED TESTS</b></td></tr>
<tr><td><b>Test method</b></td>
<td width="30%"><b>Exception</b></td>
<td width="10%"><b>Time (seconds)</b></td>
<td><b>Instance</b></td>
</tr>
<tr>
<td title='com.nitara.BCSManagement.DeleteBcs.DeleteBcs()'><b>DeleteBcs</b><br>Test class: com.nitara.BCSManagement.DeleteBcs</td>
<td></td>
<td>146</td>
<td>com.nitara.BCSManagement.DeleteBcs@134517</td></tr>
<tr>
<td title='com.nitara.BCSManagement.ViewBcs.ViewBcs()'><b>ViewBcs</b><br>Test class: com.nitara.BCSManagement.ViewBcs</td>
<td></td>
<td>112</td>
<td>com.nitara.BCSManagement.ViewBcs@50d156</td></tr>
<tr>
<td title='com.nitara.WeightManagement.ViewWeight.Weight_ViewData()'><b>Weight_ViewData</b><br>Test class: com.nitara.WeightManagement.ViewWeight<br>Parameters: {girth=60, length=80, calculateBy=Girth, testcase=Weight_ViewData, dateOfWeight=12 Dec 2021}</td>
<td></td>
<td>122</td>
<td>com.nitara.WeightManagement.ViewWeight@191f517</td></tr>
<tr>
<td title='com.nitara.CattleManagement.RemoveCattle.CattleProfile_RemoveCattle()'><b>CattleProfile_RemoveCattle</b><br>Test class: com.nitara.CattleManagement.RemoveCattle</td>
<td></td>
<td>108</td>
<td>com.nitara.CattleManagement.RemoveCattle@1a8d91c</td></tr>
<tr>
<td title='com.nitara.HealthManagement.EditDeworming.Deworming_EditData()'><b>Deworming_EditData</b><br>Test class: com.nitara.HealthManagement.EditDeworming<br>Parameters: {amount=21, dewormer=Albendazole, testcase=Deworming_EditData}</td>
<td></td>
<td>144</td>
<td>com.nitara.HealthManagement.EditDeworming@1339552</td></tr>
<tr>
<td title='com.nitara.HealthManagement.ViewDeworming.Deworming_ViewData()'><b>Deworming_ViewData</b><br>Test class: com.nitara.HealthManagement.ViewDeworming<br>Parameters: {amount=20, dewormer=Piperazine, testcase=Deworming_ViewData}</td>
<td></td>
<td>123</td>
<td>com.nitara.HealthManagement.ViewDeworming@1200884</td></tr>
<tr>
<td title='com.nitara.WeightManagement.EditWeight.Weight_EditData()'><b>Weight_EditData</b><br>Test class: com.nitara.WeightManagement.EditWeight<br>Parameters: {girth=60, length=80, calculateBy=Girth, testcase=Weight_EditData, dateOfWeight=12 Dec 2021}</td>
<td></td>
<td>442</td>
<td>com.nitara.WeightManagement.EditWeight@5965f2</td></tr>
<tr>
<td title='com.nitara.BCSManagement.AddBCS.AddBcs()'><b>AddBcs</b><br>Test class: com.nitara.BCSManagement.AddBCS</td>
<td></td>
<td>85</td>
<td>com.nitara.BCSManagement.AddBCS@149af10</td></tr>
<tr>
<td title='com.nitara.HealthManagement.ViewTreatment.Treatment_ViewData()'><b>Treatment_ViewData</b><br>Test class: com.nitara.HealthManagement.ViewTreatment<br>Parameters: {dosage=11, isAntibioticGiven=true, amount=50, disease=FMD, isFollowUpRequired=true, symptomsCount=3, medicine=med2, dateOfVisit=2 Nov 2021, testcase=Treatment_ViewData, followUpAfter=10, symptoms[1]=Coughing, symptoms[0]=Watery Eyes}</td>
<td></td>
<td>156</td>
<td>com.nitara.HealthManagement.ViewTreatment@1d47554</td></tr>
<tr>
<td title='com.nitara.WeightManagement.AddWeight.Weight_AddData()'><b>Weight_AddData</b><br>Test class: com.nitara.WeightManagement.AddWeight<br>Parameters: {girth=70, length=50, calculateBy=Girth, testcase=Weight_AddData, dateOfWeight=12 Dec 2021}</td>
<td></td>
<td>86</td>
<td>com.nitara.WeightManagement.AddWeight@4aa2f2</td></tr>
<tr>
<td title='com.nitara.HealthManagement.AddVaccination.Vaccination_AddData()'><b>Vaccination_AddData</b><br>Test class: com.nitara.HealthManagement.AddVaccination<br>Parameters: {dosage=60, vaccine=BQ (Black Quarter), amount=50, testcase=Vaccination_AddData}</td>
<td></td>
<td>108</td>
<td>com.nitara.HealthManagement.AddVaccination@1f2a664</td></tr>
<tr>
<td title='com.nitara.WeightManagement.DeleteWeight.Weight_ViewData()'><b>Weight_ViewData</b><br>Test class: com.nitara.WeightManagement.DeleteWeight<br>Parameters: {girth=60, length=80, calculateBy=Girth, testcase=Weight_ViewData, dateOfWeight=12 Dec 2021}</td>
<td></td>
<td>137</td>
<td>com.nitara.WeightManagement.DeleteWeight@9bd883</td></tr>
<tr>
<td title='com.nitara.DiseasePredictor.ReportDisease.ReportDisease()'><b>ReportDisease</b><br>Test class: com.nitara.DiseasePredictor.ReportDisease</td>
<td></td>
<td>93</td>
<td>com.nitara.DiseasePredictor.ReportDisease@9ba3fb</td></tr>
<tr>
<td title='com.nitara.HealthManagement.AddDeworming.Deworming_AddData()'><b>Deworming_AddData</b><br>Test class: com.nitara.HealthManagement.AddDeworming<br>Parameters: {amount=60, dewormer=Ivermectin, testcase=Deworming_AddData}</td>
<td></td>
<td>100</td>
<td>com.nitara.HealthManagement.AddDeworming@1b794e2</td></tr>
<tr>
<td title='com.nitara.CattleManagement.RegisterMilkingorDryCattle.RegisterCattle_MilkingorDryCattle()'><b>RegisterCattle_MilkingorDryCattle</b><br>Test class: com.nitara.CattleManagement.RegisterMilkingorDryCattle<br>Parameters: {cattleType=Buffalo, inseminationDate=23 Aug 2020, calf2Gender=Female, inseminationType=Artificial, isCattleDry=true, calfCount=Twins, pregnantSince=2, currentLactation=1, calf1Gender=Male, testcase=RegisterCattle_MilkingorDryCattle, breed=Gojri, lastCalvingDate=25 Jun 2020, dryPeriodDate=27 Oct 2020, isCrossBreed=false , isCattlePregnant=false, bullId=3450, isCattleInseminated=false, semenBrand=Amul}</td>
<td></td>
<td>64</td>
<td>com.nitara.CattleManagement.RegisterMilkingorDryCattle@1c1a03d</td></tr>
<tr>
<td title='com.nitara.HealthManagement.AddTreatment.Treatment_AddData()'><b>Treatment_AddData</b><br>Test class: com.nitara.HealthManagement.AddTreatment<br>Parameters: {dosage=10, isAntibioticGiven=true, amount=50, disease=FMD, isFollowUpRequired=true, symptomsCount=2, medicine=med1, dateOfVisit=1 Nov 2021, testcase=Treatment_AddData, followUpAfter=10, symptoms[1]=Coughing, symptoms[0]=Watery Eyes}</td>
<td></td>
<td>120</td>
<td>com.nitara.HealthManagement.AddTreatment@17f23d9</td></tr>
<tr>
<td title='com.nitara.HealthManagement.DeleteDeworming.Deworming_DeleteData()'><b>Deworming_DeleteData</b><br>Test class: com.nitara.HealthManagement.DeleteDeworming<br>Parameters: {amount=22, dewormer=Albendazole, testcase=Deworming_DeleteData}</td>
<td></td>
<td>128</td>
<td>com.nitara.HealthManagement.DeleteDeworming@10f2775</td></tr>
<tr>
<td title='com.nitara.HealthManagement.ViewVaccination.Vaccination_ViewData()'><b>Vaccination_ViewData</b><br>Test class: com.nitara.HealthManagement.ViewVaccination<br>Parameters: {dosage=20, vaccine=HS (Haemorrhagic Septicaemia), amount=51, testcase=Vaccination_ViewData}</td>
<td></td>
<td>134</td>
<td>com.nitara.HealthManagement.ViewVaccination@472554</td></tr>
<tr>
<td title='com.nitara.HealthManagement.DeleteVaccination.Vaccination_DeleteData()'><b>Vaccination_DeleteData</b><br>Test class: com.nitara.HealthManagement.DeleteVaccination<br>Parameters: {dosage=22, vaccine=BQ (Black Quarter), amount=53, testcase=Vaccination_DeleteData}</td>
<td></td>
<td>137</td>
<td>com.nitara.HealthManagement.DeleteVaccination@c1c010</td></tr>
<tr>
<td title='com.nitara.CattleManagement.RegisterCalf.RegisterCattle_Calf()'><b>RegisterCattle_Calf</b><br>Test class: com.nitara.CattleManagement.RegisterCalf<br>Parameters: {isCrossBreed=false , cattleType=Cow, weight=80, testcase=RegisterCattle_Calf, monthOfBirth=APRIL, breed=Rathi, yearOfBirth=2021}</td>
<td></td>
<td>56</td>
<td>com.nitara.CattleManagement.RegisterCalf@176dcec</td></tr>
<tr>
<td title='com.nitara.CattleManagement.EditCattleProfile.CattleProfile_EditData()'><b>CattleProfile_EditData</b><br>Test class: com.nitara.CattleManagement.EditCattleProfile</td>
<td></td>
<td>105</td>
<td>com.nitara.CattleManagement.EditCattleProfile@164985f</td></tr>
<tr>
<td title='com.nitara.WeightManagement.AddWeight.Weight_AddData()'><b>Weight_AddData</b><br>Test class: com.nitara.WeightManagement.AddWeight<br>Parameters: {weight=215, calculateBy=Direct Weight, testcase=Weight_AddData, dateOfWeight=11 Dec 2021}</td>
<td></td>
<td>93</td>
<td>com.nitara.WeightManagement.AddWeight@4aa2f2</td></tr>
<tr>
<td title='com.nitara.CattleManagement.RegisterHeifer.RegisterCattle_Heifer()'><b>RegisterCattle_Heifer</b><br>Test class: com.nitara.CattleManagement.RegisterHeifer<br>Parameters: {cattleType=Cow, inseminationDate=15 Nov 2021, inseminationType=Artificial, crossedWith=HF, pregnantSince=1, testcase=RegisterCattle_Heifer, monthOfBirth=JANUARY, breed=Hariana, isCrossBreed=true, isCattlePregnant=false, bullId=3456, isCattleInseminated=false, semenBrand=Amul, yearOfBirth=2019}</td>
<td></td>
<td>58</td>
<td>com.nitara.CattleManagement.RegisterHeifer@1d20e46</td></tr>
<tr>
<td title='com.nitara.CattleManagement.RegisterBull.RegisterCattle_Bull()'><b>RegisterCattle_Bull</b><br>Test class: com.nitara.CattleManagement.RegisterBull<br>Parameters: {isCrossBreed=true, cattleType=Cow, weight=200, crossedWith=HF, testcase=RegisterCattle_Bull, monthOfBirth=APRIL, breed=Rathi, yearOfBirth=2018}</td>
<td></td>
<td>56</td>
<td>com.nitara.CattleManagement.RegisterBull@b0b186</td></tr>
<tr>
<td title='com.nitara.HealthManagement.EditVaccination.Vaccination_EditData()'><b>Vaccination_EditData</b><br>Test class: com.nitara.HealthManagement.EditVaccination<br>Parameters: {dosage=21, vaccine=FMD (Foot & Mouth Disease), amount=52, testcase=Vaccination_EditData}</td>
<td></td>
<td>151</td>
<td>com.nitara.HealthManagement.EditVaccination@5b461a</td></tr>
</table><p>
</body>
</html>