<?xml version="1.0" encoding="UTF-8"?>
<!-- Generated by org.testng.reporters.JUnitXMLReporter -->
<testsuite hostname="DESKTOP-OB1OE1J" ignored="0" name="OtherActivities" tests="28" failures="3" timestamp="2022-04-28T12:31:23 IST" time="3815.715" errors="0">
  <testcase name="RegisterCattle_Calf" time="56.649" classname="com.nitara.CattleManagement.RegisterCalf"/>
  <testcase name="RegisterCattle_MilkingorDryCattle" time="64.061" classname="com.nitara.CattleManagement.RegisterMilkingorDryCattle"/>
  <testcase name="RegisterCattle_Bull" time="56.937" classname="com.nitara.CattleManagement.RegisterBull"/>
  <testcase name="CattleProfile_RemoveCattle" time="108.608" classname="com.nitara.CattleManagement.RemoveCattle"/>
  <testcase name="CattleProfile_EditData" time="105.139" classname="com.nitara.CattleManagement.EditCattleProfile"/>
  <testcase name="RegisterCattle_Heifer" time="58.291" classname="com.nitara.CattleManagement.RegisterHeifer"/>
  <testcase name="ReportDisease" time="93.125" classname="com.nitara.DiseasePredictor.ReportDisease"/>
  <testcase name="Vaccination_ViewData" time="134.061" classname="com.nitara.HealthManagement.ViewVaccination"/>
  <testcase name="Vaccination_AddData" time="108.67" classname="com.nitara.HealthManagement.AddVaccination"/>
  <testcase name="Vaccination_EditData" time="151.828" classname="com.nitara.HealthManagement.EditVaccination"/>
  <testcase name="Vaccination_DeleteData" time="137.468" classname="com.nitara.HealthManagement.DeleteVaccination"/>
  <testcase name="Treatment_AddData" time="120.514" classname="com.nitara.HealthManagement.AddTreatment"/>
  <testcase name="Treatment_ViewData" time="156.466" classname="com.nitara.HealthManagement.ViewTreatment"/>
  <testcase name="Deworming_AddData" time="100.222" classname="com.nitara.HealthManagement.AddDeworming"/>
  <testcase name="Deworming_ViewData" time="123.658" classname="com.nitara.HealthManagement.ViewDeworming"/>
  <testcase name="Deworming_EditData" time="144.498" classname="com.nitara.HealthManagement.EditDeworming"/>
  <testcase name="Deworming_DeleteData" time="128.586" classname="com.nitara.HealthManagement.DeleteDeworming"/>
  <testcase name="Weight_AddData" time="93.607" classname="com.nitara.WeightManagement.AddWeight"/>
  <testcase name="Weight_AddData" time="86.105" classname="com.nitara.WeightManagement.AddWeight"/>
  <testcase name="Weight_ViewData" time="122.317" classname="com.nitara.WeightManagement.ViewWeight"/>
  <testcase name="Weight_EditData" time="442.821" classname="com.nitara.WeightManagement.EditWeight"/>
  <testcase name="Weight_ViewData" time="137.934" classname="com.nitara.WeightManagement.DeleteWeight"/>
  <testcase name="AddBcs" time="85.575" classname="com.nitara.BCSManagement.AddBCS"/>
  <testcase name="EditBcs" time="201.742" classname="com.nitara.BCSManagement.EditBcs">
    <failure type="org.openqa.selenium.TimeoutException" message="Expected condition failed: waiting for visibility of Located by By.chained({By.id: com.nitara.farmer:id/plusBtn}) (tried for 15 second(s) with 500 milliseconds interval)">
      <![CDATA[org.openqa.selenium.TimeoutException: Expected condition failed: waiting for visibility of Located by By.chained({By.id: com.nitara.farmer:id/plusBtn}) (tried for 15 second(s) with 500 milliseconds interval)
at org.openqa.selenium.support.ui.WebDriverWait.timeoutException(WebDriverWait.java:95)
at org.openqa.selenium.support.ui.FluentWait.until(FluentWait.java:272)
at com.nitara.PageObjects.BasePage.waitVisibility(BasePage.java:238)
at com.nitara.PageObjects.BCS_AddBCSPage.ClickBcs_slider(BCS_AddBCSPage.java:70)
at com.nitara.PageObjects.BCS_AddBCSPage.addbcs(BCS_AddBCSPage.java:93)
at com.nitara.BCSManagement.EditBcs.EditBcs(EditBcs.java:60)
at java.util.ArrayList.forEach(ArrayList.java:1259)
Caused by: org.openqa.selenium.NoSuchElementException: Can't locate an element by this strategy: By.chained({By.id: com.nitara.farmer:id/plusBtn})
at io.appium.java_client.pagefactory.AppiumElementLocator.findElement(AppiumElementLocator.java:126)
at io.appium.java_client.pagefactory.interceptors.InterceptorOfASingleElement.intercept(InterceptorOfASingleElement.java:59)
at io.appium.java_client.android.AndroidElement$$EnhancerByCGLIB$$b598166c.isDisplayed(<generated>)
at org.openqa.selenium.support.ui.ExpectedConditions.elementIfVisible(ExpectedConditions.java:314)
at org.openqa.selenium.support.ui.ExpectedConditions.access$000(ExpectedConditions.java:43)
at org.openqa.selenium.support.ui.ExpectedConditions$10.apply(ExpectedConditions.java:300)
at org.openqa.selenium.support.ui.ExpectedConditions$10.apply(ExpectedConditions.java:297)
at org.openqa.selenium.support.ui.FluentWait.until(FluentWait.java:249)
... 32 more
Caused by: org.openqa.selenium.TimeoutException: Expected condition failed: waiting for io.appium.java_client.pagefactory.AppiumElementLocator$WaitingFunction@241679 (tried for 1 second(s) with 500 milliseconds interval)
at org.openqa.selenium.support.ui.FluentWait.timeoutException(FluentWait.java:304)
at org.openqa.selenium.support.ui.FluentWait.until(FluentWait.java:272)
at io.appium.java_client.pagefactory.AppiumElementLocator.waitFor(AppiumElementLocator.java:99)
at io.appium.java_client.pagefactory.AppiumElementLocator.findElement(AppiumElementLocator.java:119)
... 39 more
Caused by: org.openqa.selenium.NoSuchElementException: Cannot locate an element using By.chained({By.id: com.nitara.farmer:id/plusBtn})
For documentation on this error, please visit: https://www.seleniumhq.org/exceptions/no_such_element.html
Build info: version: '3.141.59', revision: 'e82be7d358', time: '2018-11-14T08:17:03'
System info: host: 'DESKTOP-OB1OE1J', ip: '192.168.0.121', os.name: 'Windows 10', os.arch: 'x86', os.version: '10.0', java.version: '1.8.0_291'
Driver info: driver.version: AndroidDriver
at io.appium.java_client.pagefactory.bys.builder.ByChained.findElement(ByChained.java:74)
at org.openqa.selenium.remote.RemoteWebDriver.findElement(RemoteWebDriver.java:315)
at io.appium.java_client.DefaultGenericMobileDriver.findElement(DefaultGenericMobileDriver.java:57)
at io.appium.java_client.AppiumDriver.findElement(AppiumDriver.java:1)
at io.appium.java_client.android.AndroidDriver.findElement(AndroidDriver.java:1)
at io.appium.java_client.pagefactory.bys.ContentMappedBy.findElement(ContentMappedBy.java:50)
at org.openqa.selenium.remote.RemoteWebDriver.findElement(RemoteWebDriver.java:315)
at io.appium.java_client.DefaultGenericMobileDriver.findElement(DefaultGenericMobileDriver.java:57)
at io.appium.java_client.AppiumDriver.findElement(AppiumDriver.java:1)
at io.appium.java_client.android.AndroidDriver.findElement(AndroidDriver.java:1)
at io.appium.java_client.pagefactory.AppiumElementLocator.lambda$0(AppiumElementLocator.java:120)
at io.appium.java_client.pagefactory.AppiumElementLocator$WaitingFunction.apply(AppiumElementLocator.java:172)
at io.appium.java_client.pagefactory.AppiumElementLocator$WaitingFunction.apply(AppiumElementLocator.java:1)
at org.openqa.selenium.support.ui.FluentWait.until(FluentWait.java:249)
... 41 more
... Removed 27 stack frames]]>
    </failure>
  </testcase> <!-- EditBcs -->
  <testcase name="DeleteBcs" time="146.287" classname="com.nitara.BCSManagement.DeleteBcs"/>
  <testcase name="ViewBcs" time="112.468" classname="com.nitara.BCSManagement.ViewBcs"/>
  <testcase name="Milking_RecordCattleMilking" time="85.927" classname="com.nitara.MilkingMangement.RecordCattleMilkingData">
    <failure type="java.lang.AssertionError" message="expected [MORNING - 14.00 KG] but found [MORNING - 14.00]">
      <![CDATA[java.lang.AssertionError: expected [MORNING - 14.00 KG] but found [MORNING - 14.00]
at com.nitara.PageObjects.Milking_RecordCattleMilkingSuccessPage.assertCattleYield(Milking_RecordCattleMilkingSuccessPage.java:28)
at com.nitara.MilkingMangement.RecordCattleMilkingData.Milking_RecordCattleMilking(RecordCattleMilkingData.java:32)
at java.util.ArrayList.forEach(ArrayList.java:1259)
... Removed 33 stack frames]]>
    </failure>
  </testcase> <!-- Milking_RecordCattleMilking -->
  <testcase name="Milking_RecordCattleMilking" time="71.246" classname="com.nitara.MilkingMangement.RecordFarmMilkingData">
    <failure type="org.openqa.selenium.NoSuchElementException" message="Can&amp;apos;t locate an element by this strategy: By.chained({By.id: com.nitara.farmer:id/session_msg})">
      <![CDATA[org.openqa.selenium.NoSuchElementException: Can't locate an element by this strategy: By.chained({By.id: com.nitara.farmer:id/session_msg})
at io.appium.java_client.pagefactory.AppiumElementLocator.findElement(AppiumElementLocator.java:126)
at io.appium.java_client.pagefactory.interceptors.InterceptorOfASingleElement.intercept(InterceptorOfASingleElement.java:59)
at io.appium.java_client.android.AndroidElement$$EnhancerByCGLIB$$b598166c.getText(<generated>)
at com.nitara.PageObjects.Milking_RecordFarmMilkingSuccessPage.assertSession(Milking_RecordFarmMilkingSuccessPage.java:20)
at com.nitara.MilkingMangement.RecordFarmMilkingData.Milking_RecordCattleMilking(RecordFarmMilkingData.java:27)
at java.util.ArrayList.forEach(ArrayList.java:1259)
Caused by: org.openqa.selenium.TimeoutException: Expected condition failed: waiting for io.appium.java_client.pagefactory.AppiumElementLocator$WaitingFunction@16ebd7b (tried for 1 second(s) with 500 milliseconds interval)
at org.openqa.selenium.support.ui.FluentWait.timeoutException(FluentWait.java:304)
at org.openqa.selenium.support.ui.FluentWait.until(FluentWait.java:272)
at io.appium.java_client.pagefactory.AppiumElementLocator.waitFor(AppiumElementLocator.java:99)
at io.appium.java_client.pagefactory.AppiumElementLocator.findElement(AppiumElementLocator.java:119)
... 32 more
Caused by: org.openqa.selenium.NoSuchElementException: Cannot locate an element using By.chained({By.id: com.nitara.farmer:id/session_msg})
For documentation on this error, please visit: https://www.seleniumhq.org/exceptions/no_such_element.html
Build info: version: '3.141.59', revision: 'e82be7d358', time: '2018-11-14T08:17:03'
System info: host: 'DESKTOP-OB1OE1J', ip: '192.168.0.121', os.name: 'Windows 10', os.arch: 'x86', os.version: '10.0', java.version: '1.8.0_291'
Driver info: driver.version: AndroidDriver
at io.appium.java_client.pagefactory.bys.builder.ByChained.findElement(ByChained.java:74)
at org.openqa.selenium.remote.RemoteWebDriver.findElement(RemoteWebDriver.java:315)
at io.appium.java_client.DefaultGenericMobileDriver.findElement(DefaultGenericMobileDriver.java:57)
at io.appium.java_client.AppiumDriver.findElement(AppiumDriver.java:1)
at io.appium.java_client.android.AndroidDriver.findElement(AndroidDriver.java:1)
at io.appium.java_client.pagefactory.bys.ContentMappedBy.findElement(ContentMappedBy.java:50)
at org.openqa.selenium.remote.RemoteWebDriver.findElement(RemoteWebDriver.java:315)
at io.appium.java_client.DefaultGenericMobileDriver.findElement(DefaultGenericMobileDriver.java:57)
at io.appium.java_client.AppiumDriver.findElement(AppiumDriver.java:1)
at io.appium.java_client.android.AndroidDriver.findElement(AndroidDriver.java:1)
at io.appium.java_client.pagefactory.AppiumElementLocator.lambda$0(AppiumElementLocator.java:120)
at io.appium.java_client.pagefactory.AppiumElementLocator$WaitingFunction.apply(AppiumElementLocator.java:172)
at io.appium.java_client.pagefactory.AppiumElementLocator$WaitingFunction.apply(AppiumElementLocator.java:1)
at org.openqa.selenium.support.ui.FluentWait.until(FluentWait.java:249)
... 34 more
... Removed 27 stack frames]]>
    </failure>
  </testcase> <!-- Milking_RecordCattleMilking -->
</testsuite> <!-- OtherActivities -->
