<?xml version="1.0" encoding="UTF-8"?>
<!-- Generated by org.testng.reporters.JUnitXMLReporter -->
<testsuite hostname="DESKTOP-OB1OE1J" ignored="0" name="Breeding" tests="18" failures="2" timestamp="2022-04-28T11:14:29 IST" time="3096.641" errors="0">
  <testcase name="Heat_AddData" time="91.994" classname="com.nitara.BreedingManagement.AddHeat"/>
  <testcase name="Insemination_ValidData" time="100.198" classname="com.nitara.BreedingManagement.AddInsemination"/>
  <testcase name="PD_ValidData" time="140.911" classname="com.nitara.BreedingManagement.AddPD"/>
  <testcase name="Calving_AddData" time="185.132" classname="com.nitara.BreedingManagement.AddCalving">
    <failure type="org.openqa.selenium.NoSuchElementException" message="Can&amp;apos;t locate an element by this strategy: By.chained({By.id: com.nitara.farmer:id/search_farm_param})">
      <![CDATA[org.openqa.selenium.NoSuchElementException: Can't locate an element by this strategy: By.chained({By.id: com.nitara.farmer:id/search_farm_param})
at io.appium.java_client.pagefactory.AppiumElementLocator.findElement(AppiumElementLocator.java:126)
at io.appium.java_client.pagefactory.interceptors.InterceptorOfASingleElement.intercept(InterceptorOfASingleElement.java:59)
at io.appium.java_client.android.AndroidElement$$EnhancerByCGLIB$$b598166c.sendKeys(<generated>)
at com.nitara.PageObjects.BasePage.sendKeys(BasePage.java:107)
at com.nitara.PageObjects.SearchCattle_CattleListPage.searchCattle(SearchCattle_CattleListPage.java:22)
at appCommonClasses.Helper.goTo_BreedingActivityListfromFarmerHomepage(Helper.java:37)
at appCommonClasses.Helper.goTo_addBreedingActivityScreenfromFarmerHomePage(Helper.java:65)
at com.nitara.BreedingManagement.AddCalving.Calving_AddData(AddCalving.java:26)
at java.util.ArrayList.forEach(ArrayList.java:1259)
Caused by: org.openqa.selenium.TimeoutException: Expected condition failed: waiting for io.appium.java_client.pagefactory.AppiumElementLocator$WaitingFunction@583a2d (tried for 1 second(s) with 500 milliseconds interval)
at org.openqa.selenium.support.ui.FluentWait.timeoutException(FluentWait.java:304)
at org.openqa.selenium.support.ui.FluentWait.until(FluentWait.java:272)
at io.appium.java_client.pagefactory.AppiumElementLocator.waitFor(AppiumElementLocator.java:99)
at io.appium.java_client.pagefactory.AppiumElementLocator.findElement(AppiumElementLocator.java:119)
... 35 more
Caused by: org.openqa.selenium.NoSuchElementException: Cannot locate an element using By.chained({By.id: com.nitara.farmer:id/search_farm_param})
For documentation on this error, please visit: https://www.seleniumhq.org/exceptions/no_such_element.html
Build info: version: '3.141.59', revision: 'e82be7d358', time: '2018-11-14T08:17:03'
System info: host: 'DESKTOP-OB1OE1J', ip: '192.168.0.121', os.name: 'Windows 10', os.arch: 'x86', os.version: '10.0', java.version: '1.8.0_291'
Driver info: driver.version: AndroidDriver
at io.appium.java_client.pagefactory.bys.builder.ByChained.findElement(ByChained.java:74)
at org.openqa.selenium.remote.RemoteWebDriver.findElement(RemoteWebDriver.java:315)
at io.appium.java_client.DefaultGenericMobileDriver.findElement(DefaultGenericMobileDriver.java:57)
at io.appium.java_client.AppiumDriver.findElement(AppiumDriver.java:1)
at io.appium.java_client.android.AndroidDriver.findElement(AndroidDriver.java:1)
at io.appium.java_client.pagefactory.bys.ContentMappedBy.findElement(ContentMappedBy.java:50)
at org.openqa.selenium.remote.RemoteWebDriver.findElement(RemoteWebDriver.java:315)
at io.appium.java_client.DefaultGenericMobileDriver.findElement(DefaultGenericMobileDriver.java:57)
at io.appium.java_client.AppiumDriver.findElement(AppiumDriver.java:1)
at io.appium.java_client.android.AndroidDriver.findElement(AndroidDriver.java:1)
at io.appium.java_client.pagefactory.AppiumElementLocator.lambda$0(AppiumElementLocator.java:120)
at io.appium.java_client.pagefactory.AppiumElementLocator$WaitingFunction.apply(AppiumElementLocator.java:172)
at io.appium.java_client.pagefactory.AppiumElementLocator$WaitingFunction.apply(AppiumElementLocator.java:1)
at org.openqa.selenium.support.ui.FluentWait.until(FluentWait.java:249)
... 37 more
... Removed 27 stack frames]]>
    </failure>
  </testcase> <!-- Calving_AddData -->
  <testcase name="AddDryPeriod_ValidData" time="106.944" classname="com.nitara.BreedingManagement.AddDryPeriod"/>
  <testcase name="Heat_ViewData" time="145.815" classname="com.nitara.BreedingManagement.ViewHeat"/>
  <testcase name="Heat_EditData" time="150.993" classname="com.nitara.BreedingManagement.EditHeat"/>
  <testcase name="Heat_DeleteData" time="157.427" classname="com.nitara.BreedingManagement.DeleteHeat"/>
  <testcase name="Insemination_ViewData" time="139.345" classname="com.nitara.BreedingManagement.ViewInsemination"/>
  <testcase name="Insemination_EditData" time="144.88" classname="com.nitara.BreedingManagement.EditInsemination"/>
  <testcase name="Insemination_DeleteData" time="153.297" classname="com.nitara.BreedingManagement.DeleteInsemination"/>
  <testcase name="PD_ViewData" time="189.802" classname="com.nitara.BreedingManagement.ViewPD"/>
  <testcase name="PD_ViewData" time="219.724" classname="com.nitara.BreedingManagement.EditPD"/>
  <testcase name="PD_ViewData" time="202.169" classname="com.nitara.BreedingManagement.DeletePD"/>
  <testcase name="Dry_ViewData" time="151.618" classname="com.nitara.BreedingManagement.ViewDryPeriod"/>
  <testcase name="Dry_EditData" time="177.609" classname="com.nitara.BreedingManagement.EditDryPeriod"/>
  <testcase name="Dry_DeleteData" time="170.953" classname="com.nitara.BreedingManagement.DeleteDryPeriod">
    <failure type="java.lang.AssertionError" message="expected [Dry Period data recorded on 08 Apr 2022 has been deleted] but found [Dry period data recorded on 08 Apr 2022 has been deleted]">
      <![CDATA[java.lang.AssertionError: expected [Dry Period data recorded on 08 Apr 2022 has been deleted] but found [Dry period data recorded on 08 Apr 2022 has been deleted]
at com.nitara.PageObjects.Breeding_TimelinePage.assertDeleteMsg(Breeding_TimelinePage.java:154)
at com.nitara.BreedingManagement.DeleteDryPeriod.Dry_DeleteData(DeleteDryPeriod.java:34)
at java.util.ArrayList.forEach(ArrayList.java:1259)
... Removed 33 stack frames]]>
    </failure>
  </testcase> <!-- Dry_DeleteData -->
  <testcase name="Calving_ViewData" time="217.961" classname="com.nitara.BreedingManagement.ViewCalving"/>
</testsuite> <!-- Breeding -->
