<html>
<head>
<title>TestNG:  Breeding</title>
<link href="../testng.css" rel="stylesheet" type="text/css" />
<link href="../my-testng.css" rel="stylesheet" type="text/css" />

<style type="text/css">
.log { display: none;} 
.stack-trace { display: none;} 
</style>
<script type="text/javascript">
<!--
function flip(e) {
  current = e.style.display;
  if (current == 'block') {
    e.style.display = 'none';
    return 0;
  }
  else {
    e.style.display = 'block';
    return 1;
  }
}

function toggleBox(szDivId, elem, msg1, msg2)
{
  var res = -1;  if (document.getElementById) {
    res = flip(document.getElementById(szDivId));
  }
  else if (document.all) {
    // this is the way old msie versions work
    res = flip(document.all[szDivId]);
  }
  if(elem) {
    if(res == 0) elem.innerHTML = msg1; else elem.innerHTML = msg2;
  }

}

function toggleAllBoxes() {
  if (document.getElementsByTagName) {
    d = document.getElementsByTagName('div');
    for (i = 0; i < d.length; i++) {
      if (d[i].className == 'log') {
        flip(d[i]);
      }
    }
  }
}

// -->
</script>

</head>
<body>
<h2 align='center'>Breeding</h2><table border='1' align="center">
<tr>
<td>Tests passed/Failed/Skipped:</td><td>16/2/0</td>
</tr><tr>
<td>Started on:</td><td>Thu Apr 28 10:22:53 IST 2022</td>
</tr>
<tr><td>Total time:</td><td>3096 seconds (3096641 ms)</td>
</tr><tr>
<td>Included groups:</td><td></td>
</tr><tr>
<td>Excluded groups:</td><td></td>
</tr>
</table><p/>
<small><i>(Hover the method name to see the test class name)</i></small><p/>
<table width='100%' border='1' class='invocation-failed'>
<tr><td colspan='4' align='center'><b>FAILED TESTS</b></td></tr>
<tr><td><b>Test method</b></td>
<td width="30%"><b>Exception</b></td>
<td width="10%"><b>Time (seconds)</b></td>
<td><b>Instance</b></td>
</tr>
<tr>
<td title='com.nitara.BreedingManagement.DeleteDryPeriod.Dry_DeleteData()'><b>Dry_DeleteData</b><br>Test class: com.nitara.BreedingManagement.DeleteDryPeriod</td>
<td><div><pre>java.lang.AssertionError: expected [Dry Period data recorded on 08 Apr 2022 has been deleted] but found [Dry period data recorded on 08 Apr 2022 has been deleted]
	at com.nitara.PageObjects.Breeding_TimelinePage.assertDeleteMsg(Breeding_TimelinePage.java:154)
	at com.nitara.BreedingManagement.DeleteDryPeriod.Dry_DeleteData(DeleteDryPeriod.java:34)
	at java.util.ArrayList.forEach(ArrayList.java:1259)
... Removed 33 stack frames</pre></div><a href='#' onClick='toggleBox("stack-trace8626103", this, "Click to show all stack frames", "Click to hide stack frames")'>Click to show all stack frames</a>
<div class='stack-trace' id='stack-trace8626103'><pre>java.lang.AssertionError: expected [Dry Period data recorded on 08 Apr 2022 has been deleted] but found [Dry period data recorded on 08 Apr 2022 has been deleted]
	at org.testng.Assert.fail(Assert.java:99)
	at org.testng.Assert.failNotEquals(Assert.java:1037)
	at org.testng.Assert.assertEqualsImpl(Assert.java:140)
	at org.testng.Assert.assertEquals(Assert.java:122)
	at org.testng.Assert.assertEquals(Assert.java:629)
	at org.testng.Assert.assertEquals(Assert.java:639)
	at com.nitara.PageObjects.Breeding_TimelinePage.assertDeleteMsg(Breeding_TimelinePage.java:154)
	at com.nitara.BreedingManagement.DeleteDryPeriod.Dry_DeleteData(DeleteDryPeriod.java:34)
	at sun.reflect.NativeMethodAccessorImpl.invoke0(Native Method)
	at sun.reflect.NativeMethodAccessorImpl.invoke(NativeMethodAccessorImpl.java:62)
	at sun.reflect.DelegatingMethodAccessorImpl.invoke(DelegatingMethodAccessorImpl.java:43)
	at java.lang.reflect.Method.invoke(Method.java:498)
	at org.testng.internal.MethodInvocationHelper.invokeMethod(MethodInvocationHelper.java:133)
	at org.testng.internal.TestInvoker.invokeMethod(TestInvoker.java:598)
	at org.testng.internal.TestInvoker.invokeTestMethod(TestInvoker.java:173)
	at org.testng.internal.MethodRunner.runInSequence(MethodRunner.java:46)
	at org.testng.internal.TestInvoker$MethodInvocationAgent.invoke(TestInvoker.java:824)
	at org.testng.internal.TestInvoker.invokeTestMethods(TestInvoker.java:146)
	at org.testng.internal.TestMethodWorker.invokeTestMethods(TestMethodWorker.java:146)
	at org.testng.internal.TestMethodWorker.run(TestMethodWorker.java:128)
	at java.util.ArrayList.forEach(ArrayList.java:1259)
	at org.testng.TestRunner.privateRun(TestRunner.java:794)
	at org.testng.TestRunner.run(TestRunner.java:596)
	at org.testng.SuiteRunner.runTest(SuiteRunner.java:377)
	at org.testng.SuiteRunner.runSequentially(SuiteRunner.java:371)
	at org.testng.SuiteRunner.privateRun(SuiteRunner.java:332)
	at org.testng.SuiteRunner.run(SuiteRunner.java:276)
	at org.testng.SuiteRunnerWorker.runSuite(SuiteRunnerWorker.java:53)
	at org.testng.SuiteRunnerWorker.run(SuiteRunnerWorker.java:96)
	at org.testng.TestNG.runSuitesSequentially(TestNG.java:1212)
	at org.testng.TestNG.runSuitesLocally(TestNG.java:1134)
	at org.testng.TestNG.runSuites(TestNG.java:1063)
	at org.testng.TestNG.run(TestNG.java:1031)
	at org.testng.remote.AbstractRemoteTestNG.run(AbstractRemoteTestNG.java:115)
	at org.testng.remote.RemoteTestNG.initAndRun(RemoteTestNG.java:251)
	at org.testng.remote.RemoteTestNG.main(RemoteTestNG.java:77)
</pre></div></td>
<td>170</td>
<td>com.nitara.BreedingManagement.DeleteDryPeriod@472554</td></tr>
<tr>
<td title='com.nitara.BreedingManagement.AddCalving.Calving_AddData()'><b>Calving_AddData</b><br>Test class: com.nitara.BreedingManagement.AddCalving<br>Parameters: {calvingTime=10:30:PM, calfGender1=Female, calfGender2=Male, calvingDate=20 Aug 2021, calfResult=Twins, testcase=Calving_AddData}</td>
<td><div><pre>org.openqa.selenium.NoSuchElementException: Can&apos;t locate an element by this strategy: By.chained({By.id: com.nitara.farmer:id/search_farm_param})
	at io.appium.java_client.pagefactory.AppiumElementLocator.findElement(AppiumElementLocator.java:126)
	at io.appium.java_client.pagefactory.interceptors.InterceptorOfASingleElement.intercept(InterceptorOfASingleElement.java:59)
	at io.appium.java_client.android.AndroidElement$$EnhancerByCGLIB$$b598166c.sendKeys(&lt;generated&gt;)
	at com.nitara.PageObjects.BasePage.sendKeys(BasePage.java:107)
	at com.nitara.PageObjects.SearchCattle_CattleListPage.searchCattle(SearchCattle_CattleListPage.java:22)
	at appCommonClasses.Helper.goTo_BreedingActivityListfromFarmerHomepage(Helper.java:37)
	at appCommonClasses.Helper.goTo_addBreedingActivityScreenfromFarmerHomePage(Helper.java:65)
	at com.nitara.BreedingManagement.AddCalving.Calving_AddData(AddCalving.java:26)
	at java.util.ArrayList.forEach(ArrayList.java:1259)
Caused by: org.openqa.selenium.TimeoutException: Expected condition failed: waiting for io.appium.java_client.pagefactory.AppiumElementLocator$WaitingFunction@583a2d (tried for 1 second(s) with 500 milliseconds interval)
	at org.openqa.selenium.support.ui.FluentWait.timeoutException(FluentWait.java:304)
	at org.openqa.selenium.support.ui.FluentWait.until(FluentWait.java:272)
	at io.appium.java_client.pagefactory.AppiumElementLocator.waitFor(AppiumElementLocator.java:99)
	at io.appium.java_client.pagefactory.AppiumElementLocator.findElement(AppiumElementLocator.java:119)
	... 35 more
Caused by: org.openqa.selenium.NoSuchElementException: Cannot locate an element using By.chained({By.id: com.nitara.farmer:id/search_farm_param})
For documentation on this error, please visit: https://www.seleniumhq.org/exceptions/no_such_element.html
Build info: version: &apos;3.141.59&apos;, revision: &apos;e82be7d358&apos;, time: &apos;2018-11-14T08:17:03&apos;
System info: host: &apos;DESKTOP-OB1OE1J&apos;, ip: &apos;192.168.0.121&apos;, os.name: &apos;Windows 10&apos;, os.arch: &apos;x86&apos;, os.version: &apos;10.0&apos;, java.version: &apos;1.8.0_291&apos;
Driver info: driver.version: AndroidDriver
	at io.appium.java_client.pagefactory.bys.builder.ByChained.findElement(ByChained.java:74)
	at org.openqa.selenium.remote.RemoteWebDriver.findElement(RemoteWebDriver.java:315)
	at io.appium.java_client.DefaultGenericMobileDriver.findElement(DefaultGenericMobileDriver.java:57)
	at io.appium.java_client.AppiumDriver.findElement(AppiumDriver.java:1)
	at io.appium.java_client.android.AndroidDriver.findElement(AndroidDriver.java:1)
	at io.appium.java_client.pagefactory.bys.ContentMappedBy.findElement(ContentMappedBy.java:50)
	at org.openqa.selenium.remote.RemoteWebDriver.findElement(RemoteWebDriver.java:315)
	at io.appium.java_client.DefaultGenericMobileDriver.findElement(DefaultGenericMobileDriver.java:57)
	at io.appium.java_client.AppiumDriver.findElement(AppiumDriver.java:1)
	at io.appium.java_client.android.AndroidDriver.findElement(AndroidDriver.java:1)
	at io.appium.java_client.pagefactory.AppiumElementLocator.lambda$0(AppiumElementLocator.java:120)
	at io.appium.java_client.pagefactory.AppiumElementLocator$WaitingFunction.apply(AppiumElementLocator.java:172)
	at io.appium.java_client.pagefactory.AppiumElementLocator$WaitingFunction.apply(AppiumElementLocator.java:1)
	at org.openqa.selenium.support.ui.FluentWait.until(FluentWait.java:249)
	... 37 more
... Removed 27 stack frames</pre></div><a href='#' onClick='toggleBox("stack-trace13516583", this, "Click to show all stack frames", "Click to hide stack frames")'>Click to show all stack frames</a>
<div class='stack-trace' id='stack-trace13516583'><pre>org.openqa.selenium.NoSuchElementException: Can&apos;t locate an element by this strategy: By.chained({By.id: com.nitara.farmer:id/search_farm_param})
	at io.appium.java_client.pagefactory.AppiumElementLocator.findElement(AppiumElementLocator.java:126)
	at io.appium.java_client.pagefactory.interceptors.InterceptorOfASingleElement.intercept(InterceptorOfASingleElement.java:59)
	at io.appium.java_client.android.AndroidElement$$EnhancerByCGLIB$$b598166c.sendKeys(&lt;generated&gt;)
	at com.nitara.PageObjects.BasePage.sendKeys(BasePage.java:107)
	at com.nitara.PageObjects.SearchCattle_CattleListPage.searchCattle(SearchCattle_CattleListPage.java:22)
	at appCommonClasses.Helper.goTo_BreedingActivityListfromFarmerHomepage(Helper.java:37)
	at appCommonClasses.Helper.goTo_addBreedingActivityScreenfromFarmerHomePage(Helper.java:65)
	at com.nitara.BreedingManagement.AddCalving.Calving_AddData(AddCalving.java:26)
	at sun.reflect.NativeMethodAccessorImpl.invoke0(Native Method)
	at sun.reflect.NativeMethodAccessorImpl.invoke(NativeMethodAccessorImpl.java:62)
	at sun.reflect.DelegatingMethodAccessorImpl.invoke(DelegatingMethodAccessorImpl.java:43)
	at java.lang.reflect.Method.invoke(Method.java:498)
	at org.testng.internal.MethodInvocationHelper.invokeMethod(MethodInvocationHelper.java:133)
	at org.testng.internal.TestInvoker.invokeMethod(TestInvoker.java:598)
	at org.testng.internal.TestInvoker.invokeTestMethod(TestInvoker.java:173)
	at org.testng.internal.MethodRunner.runInSequence(MethodRunner.java:46)
	at org.testng.internal.TestInvoker$MethodInvocationAgent.invoke(TestInvoker.java:824)
	at org.testng.internal.TestInvoker.invokeTestMethods(TestInvoker.java:146)
	at org.testng.internal.TestMethodWorker.invokeTestMethods(TestMethodWorker.java:146)
	at org.testng.internal.TestMethodWorker.run(TestMethodWorker.java:128)
	at java.util.ArrayList.forEach(ArrayList.java:1259)
	at org.testng.TestRunner.privateRun(TestRunner.java:794)
	at org.testng.TestRunner.run(TestRunner.java:596)
	at org.testng.SuiteRunner.runTest(SuiteRunner.java:377)
	at org.testng.SuiteRunner.runSequentially(SuiteRunner.java:371)
	at org.testng.SuiteRunner.privateRun(SuiteRunner.java:332)
	at org.testng.SuiteRunner.run(SuiteRunner.java:276)
	at org.testng.SuiteRunnerWorker.runSuite(SuiteRunnerWorker.java:53)
	at org.testng.SuiteRunnerWorker.run(SuiteRunnerWorker.java:96)
	at org.testng.TestNG.runSuitesSequentially(TestNG.java:1212)
	at org.testng.TestNG.runSuitesLocally(TestNG.java:1134)
	at org.testng.TestNG.runSuites(TestNG.java:1063)
	at org.testng.TestNG.run(TestNG.java:1031)
	at org.testng.remote.AbstractRemoteTestNG.run(AbstractRemoteTestNG.java:115)
	at org.testng.remote.RemoteTestNG.initAndRun(RemoteTestNG.java:251)
	at org.testng.remote.RemoteTestNG.main(RemoteTestNG.java:77)
Caused by: org.openqa.selenium.TimeoutException: Expected condition failed: waiting for io.appium.java_client.pagefactory.AppiumElementLocator$WaitingFunction@583a2d (tried for 1 second(s) with 500 milliseconds interval)
	at org.openqa.selenium.support.ui.FluentWait.timeoutException(FluentWait.java:304)
	at org.openqa.selenium.support.ui.FluentWait.until(FluentWait.java:272)
	at io.appium.java_client.pagefactory.AppiumElementLocator.waitFor(AppiumElementLocator.java:99)
	at io.appium.java_client.pagefactory.AppiumElementLocator.findElement(AppiumElementLocator.java:119)
	... 35 more
Caused by: org.openqa.selenium.NoSuchElementException: Cannot locate an element using By.chained({By.id: com.nitara.farmer:id/search_farm_param})
For documentation on this error, please visit: https://www.seleniumhq.org/exceptions/no_such_element.html
Build info: version: &apos;3.141.59&apos;, revision: &apos;e82be7d358&apos;, time: &apos;2018-11-14T08:17:03&apos;
System info: host: &apos;DESKTOP-OB1OE1J&apos;, ip: &apos;192.168.0.121&apos;, os.name: &apos;Windows 10&apos;, os.arch: &apos;x86&apos;, os.version: &apos;10.0&apos;, java.version: &apos;1.8.0_291&apos;
Driver info: driver.version: AndroidDriver
	at io.appium.java_client.pagefactory.bys.builder.ByChained.findElement(ByChained.java:74)
	at org.openqa.selenium.remote.RemoteWebDriver.findElement(RemoteWebDriver.java:315)
	at io.appium.java_client.DefaultGenericMobileDriver.findElement(DefaultGenericMobileDriver.java:57)
	at io.appium.java_client.AppiumDriver.findElement(AppiumDriver.java:1)
	at io.appium.java_client.android.AndroidDriver.findElement(AndroidDriver.java:1)
	at io.appium.java_client.pagefactory.bys.ContentMappedBy.findElement(ContentMappedBy.java:50)
	at org.openqa.selenium.remote.RemoteWebDriver.findElement(RemoteWebDriver.java:315)
	at io.appium.java_client.DefaultGenericMobileDriver.findElement(DefaultGenericMobileDriver.java:57)
	at io.appium.java_client.AppiumDriver.findElement(AppiumDriver.java:1)
	at io.appium.java_client.android.AndroidDriver.findElement(AndroidDriver.java:1)
	at io.appium.java_client.pagefactory.AppiumElementLocator.lambda$0(AppiumElementLocator.java:120)
	at io.appium.java_client.pagefactory.AppiumElementLocator$WaitingFunction.apply(AppiumElementLocator.java:172)
	at io.appium.java_client.pagefactory.AppiumElementLocator$WaitingFunction.apply(AppiumElementLocator.java:1)
	at org.openqa.selenium.support.ui.FluentWait.until(FluentWait.java:249)
	... 37 more
</pre></div></td>
<td>185</td>
<td>com.nitara.BreedingManagement.AddCalving@2bd765</td></tr>
</table><p>
<table width='100%' border='1' class='invocation-passed'>
<tr><td colspan='4' align='center'><b>PASSED TESTS</b></td></tr>
<tr><td><b>Test method</b></td>
<td width="30%"><b>Exception</b></td>
<td width="10%"><b>Time (seconds)</b></td>
<td><b>Instance</b></td>
</tr>
<tr>
<td title='com.nitara.BreedingManagement.AddDryPeriod.AddDryPeriod_ValidData()'><b>AddDryPeriod_ValidData</b><br>Test class: com.nitara.BreedingManagement.AddDryPeriod</td>
<td></td>
<td>106</td>
<td>com.nitara.BreedingManagement.AddDryPeriod@3a5fd2</td></tr>
<tr>
<td title='com.nitara.BreedingManagement.ViewPD.PD_ViewData()'><b>PD_ViewData</b><br>Test class: com.nitara.BreedingManagement.ViewPD<br>Parameters: {isCattlePregnant=true, testcase=PD_ViewData}</td>
<td></td>
<td>189</td>
<td>com.nitara.BreedingManagement.ViewPD@1a8d91c</td></tr>
<tr>
<td title='com.nitara.BreedingManagement.AddInsemination.Insemination_ValidData()'><b>Insemination_ValidData</b><br>Test class: com.nitara.BreedingManagement.AddInsemination<br>Parameters: {bullID=2345, inseminationDate=26 Aug 2021, type=NATURAL, semenBrand=BAIF, testcase=Insemination_ValidData, remarks=Natural Insemination }</td>
<td></td>
<td>100</td>
<td>com.nitara.BreedingManagement.AddInsemination@1dc67c2</td></tr>
<tr>
<td title='com.nitara.BreedingManagement.ViewCalving.Calving_ViewData()'><b>Calving_ViewData</b><br>Test class: com.nitara.BreedingManagement.ViewCalving<br>Parameters: {calfGender1=Female, calfGender2=Male, testcase=Calving_ViewData, calfResult=Twins}</td>
<td></td>
<td>217</td>
<td>com.nitara.BreedingManagement.ViewCalving@1f2a664</td></tr>
<tr>
<td title='com.nitara.BreedingManagement.AddPD.PD_ValidData()'><b>PD_ValidData</b><br>Test class: com.nitara.BreedingManagement.AddPD<br>Parameters: {isCattlePregnant=false, PDdate=26 Aug 2021, testcase=PD_ValidData}</td>
<td></td>
<td>140</td>
<td>com.nitara.BreedingManagement.AddPD@1af3c0</td></tr>
<tr>
<td title='com.nitara.BreedingManagement.DeletePD.PD_ViewData()'><b>PD_ViewData</b><br>Test class: com.nitara.BreedingManagement.DeletePD<br>Parameters: {isCattlePregnant=true, testcase=PD_ViewData}</td>
<td></td>
<td>202</td>
<td>com.nitara.BreedingManagement.DeletePD@1d20e46</td></tr>
<tr>
<td title='com.nitara.BreedingManagement.DeleteInsemination.Insemination_DeleteData()'><b>Insemination_DeleteData</b><br>Test class: com.nitara.BreedingManagement.DeleteInsemination<br>Parameters: {bullID=2346, inseminationDate=27 Sep 2021, type=Artificial, semenBrand=Amul, testcase=Insemination_DeleteData}</td>
<td></td>
<td>153</td>
<td>com.nitara.BreedingManagement.DeleteInsemination@b0b186</td></tr>
<tr>
<td title='com.nitara.BreedingManagement.ViewHeat.Heat_ViewData()'><b>Heat_ViewData</b><br>Test class: com.nitara.BreedingManagement.ViewHeat<br>Parameters: {heatStartTime=10:57:AM, heatType=Artificial, heatDate=20 Aug 2021, testcase=Heat_ViewData}</td>
<td></td>
<td>145</td>
<td>com.nitara.BreedingManagement.ViewHeat@a2da20</td></tr>
<tr>
<td title='com.nitara.BreedingManagement.ViewDryPeriod.Dry_ViewData()'><b>Dry_ViewData</b><br>Test class: com.nitara.BreedingManagement.ViewDryPeriod</td>
<td></td>
<td>151</td>
<td>com.nitara.BreedingManagement.ViewDryPeriod@9ba3fb</td></tr>
<tr>
<td title='com.nitara.BreedingManagement.AddHeat.Heat_AddData()'><b>Heat_AddData</b><br>Test class: com.nitara.BreedingManagement.AddHeat<br>Parameters: {heatStartTime=10:30:PM, heatType=Natural, heatDate=20 Aug 2021, testcase=Heat_AddData}</td>
<td></td>
<td>91</td>
<td>com.nitara.BreedingManagement.AddHeat@1f828d7</td></tr>
<tr>
<td title='com.nitara.BreedingManagement.EditInsemination.Insemination_EditData()'><b>Insemination_EditData</b><br>Test class: com.nitara.BreedingManagement.EditInsemination<br>Parameters: {bullID=2346, inseminationDate=27 Sep 2021, type=Natural, testcase=Insemination_EditData, remarks=Natural Insemination }</td>
<td></td>
<td>144</td>
<td>com.nitara.BreedingManagement.EditInsemination@1c1a03d</td></tr>
<tr>
<td title='com.nitara.BreedingManagement.ViewInsemination.Insemination_ViewData()'><b>Insemination_ViewData</b><br>Test class: com.nitara.BreedingManagement.ViewInsemination<br>Parameters: {bullID=2345, inseminationDate=26 Aug 2021, type=Artificial, semenBrand=Amul, testcase=Insemination_ViewData}</td>
<td></td>
<td>139</td>
<td>com.nitara.BreedingManagement.ViewInsemination@11274d2</td></tr>
<tr>
<td title='com.nitara.BreedingManagement.EditHeat.Heat_EditData()'><b>Heat_EditData</b><br>Test class: com.nitara.BreedingManagement.EditHeat<br>Parameters: {heatStartTime=10:57:AM, heatType=Artificial, heatDate=20 Aug 2021, testcase=Heat_EditData}</td>
<td></td>
<td>150</td>
<td>com.nitara.BreedingManagement.EditHeat@1d3b207</td></tr>
<tr>
<td title='com.nitara.BreedingManagement.EditPD.PD_ViewData()'><b>PD_ViewData</b><br>Test class: com.nitara.BreedingManagement.EditPD<br>Parameters: {isCattlePregnant=true, testcase=PD_ViewData}</td>
<td></td>
<td>219</td>
<td>com.nitara.BreedingManagement.EditPD@164985f</td></tr>
<tr>
<td title='com.nitara.BreedingManagement.DeleteHeat.Heat_DeleteData()'><b>Heat_DeleteData</b><br>Test class: com.nitara.BreedingManagement.DeleteHeat<br>Parameters: {heatStartTime=10:30:PM, heatType=Natural, heatDate=20 Sep 2021, testcase=Heat_DeleteData}</td>
<td></td>
<td>157</td>
<td>com.nitara.BreedingManagement.DeleteHeat@18fdd99</td></tr>
<tr>
<td title='com.nitara.BreedingManagement.EditDryPeriod.Dry_EditData()'><b>Dry_EditData</b><br>Test class: com.nitara.BreedingManagement.EditDryPeriod</td>
<td></td>
<td>177</td>
<td>com.nitara.BreedingManagement.EditDryPeriod@136e4cd</td></tr>
</table><p>
</body>
</html>